# JRE version: OpenJDK Runtime Environment (8.0_242-b01) (build 1.8.0_242-release-1644-b01)
# Java VM: OpenJDK 64-Bit Server VM (25.242-b01 mixed mode windows-amd64 compressed oops)
Heap:
 PSYoungGen      total 496128K, used 236351K [0x00000000d5580000, 0x00000000fac00000, 0x0000000100000000)
  eden space 452608K, 47% used [0x00000000d5580000,0x00000000e2961bf8,0x00000000f0f80000)
  from space 43520K, 44% used [0x00000000f0f80000,0x00000000f226e050,0x00000000f3a00000)
  to   space 40960K, 0% used [0x00000000f8400000,0x00000000f8400000,0x00000000fac00000)
 ParOldGen       total 217600K, used 81114K [0x0000000080000000, 0x000000008d480000, 0x00000000d5580000)
  object space 217600K, 37% used [0x0000000080000000,0x0000000084f36be8,0x000000008d480000)
 Metaspace       used 114413K, capacity 120946K, committed 121112K, reserved 1155072K
  class space    used 14944K, capacity 16166K, committed 16176K, reserved 1048576K
GC Heap History (10 events):
Event: 300.908 GC heap before
{Heap before GC invocations=25 (full 3):
 PSYoungGen      total 345088K, used 331069K [0x00000000d5580000, 0x00000000f1600000, 0x0000000100000000)
  eden space 300544K, 100% used [0x00000000d5580000,0x00000000e7b00000,0x00000000e7b00000)
  from space 44544K, 68% used [0x00000000e7b00000,0x00000000e98cf568,0x00000000ea680000)
  to   space 46080K, 0% used [0x00000000ee900000,0x00000000ee900000,0x00000000f1600000)
 ParOldGen       total 135680K, used 88462K [0x0000000080000000, 0x0000000088480000, 0x00000000d5580000)
  object space 135680K, 65% used [0x0000000080000000,0x0000000085663838,0x0000000088480000)
 Metaspace       used 90949K, capacity 96618K, committed 96792K, reserved 1132544K
  class space    used 11957K, capacity 12984K, committed 13104K, reserved 1048576K
Event: 300.942 GC heap after
Heap after GC invocations=25 (full 3):
 PSYoungGen      total 414720K, used 23928K [0x00000000d5580000, 0x00000000f1d00000, 0x0000000100000000)
  eden space 368640K, 0% used [0x00000000d5580000,0x00000000d5580000,0x00000000ebd80000)
  from space 46080K, 51% used [0x00000000ee900000,0x00000000f005e090,0x00000000f1600000)
  to   space 44544K, 0% used [0x00000000ebd80000,0x00000000ebd80000,0x00000000ee900000)
 ParOldGen       total 135680K, used 95064K [0x0000000080000000, 0x0000000088480000, 0x00000000d5580000)
  object space 135680K, 70% used [0x0000000080000000,0x0000000085cd62f8,0x0000000088480000)
 Metaspace       used 90949K, capacity 96618K, committed 96792K, reserved 1132544K
  class space    used 11957K, capacity 12984K, committed 13104K, reserved 1048576K
}
Event: 301.615 GC heap before
{Heap before GC invocations=26 (full 3):
 PSYoungGen      total 414720K, used 392568K [0x00000000d5580000, 0x00000000f1d00000, 0x0000000100000000)
  eden space 368640K, 100% used [0x00000000d5580000,0x00000000ebd80000,0x00000000ebd80000)
  from space 46080K, 51% used [0x00000000ee900000,0x00000000f005e090,0x00000000f1600000)
  to   space 44544K, 0% used [0x00000000ebd80000,0x00000000ebd80000,0x00000000ee900000)
 ParOldGen       total 135680K, used 95064K [0x0000000080000000, 0x0000000088480000, 0x00000000d5580000)
  object space 135680K, 70% used [0x0000000080000000,0x0000000085cd62f8,0x0000000088480000)
 Metaspace       used 91412K, capacity 97164K, committed 97304K, reserved 1134592K
  class space    used 12027K, capacity 13065K, committed 13104K, reserved 1048576K
Event: 301.637 GC heap after
Heap after GC invocations=26 (full 3):
 PSYoungGen      total 413184K, used 3251K [0x00000000d5580000, 0x00000000f6f00000, 0x0000000100000000)
  eden space 368640K, 0% used [0x00000000d5580000,0x00000000d5580000,0x00000000ebd80000)
  from space 44544K, 7% used [0x00000000ebd80000,0x00000000ec0acd20,0x00000000ee900000)
  to   space 45568K, 0% used [0x00000000f4280000,0x00000000f4280000,0x00000000f6f00000)
 ParOldGen       total 135680K, used 110053K [0x0000000080000000, 0x0000000088480000, 0x00000000d5580000)
  object space 135680K, 81% used [0x0000000080000000,0x0000000086b79418,0x0000000088480000)
 Metaspace       used 91412K, capacity 97164K, committed 97304K, reserved 1134592K
  class space    used 12027K, capacity 13065K, committed 13104K, reserved 1048576K
}
Event: 303.922 GC heap before
{Heap before GC invocations=27 (full 3):
 PSYoungGen      total 413184K, used 352810K [0x00000000d5580000, 0x00000000f6f00000, 0x0000000100000000)
  eden space 368640K, 94% used [0x00000000d5580000,0x00000000eaaddc38,0x00000000ebd80000)
  from space 44544K, 7% used [0x00000000ebd80000,0x00000000ec0acd20,0x00000000ee900000)
  to   space 45568K, 0% used [0x00000000f4280000,0x00000000f4280000,0x00000000f6f00000)
 ParOldGen       total 135680K, used 110053K [0x0000000080000000, 0x0000000088480000, 0x00000000d5580000)
  object space 135680K, 81% used [0x0000000080000000,0x0000000086b79418,0x0000000088480000)
 Metaspace       used 92785K, capacity 98490K, committed 98600K, reserved 1134592K
  class space    used 12147K, capacity 13178K, committed 13232K, reserved 1048576K
Event: 303.954 GC heap after
Heap after GC invocations=27 (full 3):
 PSYoungGen      total 487424K, used 21196K [0x00000000d5580000, 0x00000000f6480000, 0x0000000100000000)
  eden space 452608K, 0% used [0x00000000d5580000,0x00000000d5580000,0x00000000f0f80000)
  from space 34816K, 60% used [0x00000000f4280000,0x00000000f57331a0,0x00000000f6480000)
  to   space 43520K, 0% used [0x00000000f0f80000,0x00000000f0f80000,0x00000000f3a00000)
 ParOldGen       total 135680K, used 112592K [0x0000000080000000, 0x0000000088480000, 0x00000000d5580000)
  object space 135680K, 82% used [0x0000000080000000,0x0000000086df41f8,0x0000000088480000)
 Metaspace       used 92785K, capacity 98490K, committed 98600K, reserved 1134592K
  class space    used 12147K, capacity 13178K, committed 13232K, reserved 1048576K
}
Event: 303.954 GC heap before
{Heap before GC invocations=28 (full 4):
 PSYoungGen      total 487424K, used 21196K [0x00000000d5580000, 0x00000000f6480000, 0x0000000100000000)
  eden space 452608K, 0% used [0x00000000d5580000,0x00000000d5580000,0x00000000f0f80000)
  from space 34816K, 60% used [0x00000000f4280000,0x00000000f57331a0,0x00000000f6480000)
  to   space 43520K, 0% used [0x00000000f0f80000,0x00000000f0f80000,0x00000000f3a00000)
 ParOldGen       total 135680K, used 112592K [0x0000000080000000, 0x0000000088480000, 0x00000000d5580000)
  object space 135680K, 82% used [0x0000000080000000,0x0000000086df41f8,0x0000000088480000)
 Metaspace       used 92785K, capacity 98490K, committed 98600K, reserved 1134592K
  class space    used 12147K, capacity 13178K, committed 13232K, reserved 1048576K
Event: 304.313 GC heap after
Heap after GC invocations=28 (full 4):
 PSYoungGen      total 487424K, used 0K [0x00000000d5580000, 0x00000000f6480000, 0x0000000100000000)
  eden space 452608K, 0% used [0x00000000d5580000,0x00000000d5580000,0x00000000f0f80000)
  from space 34816K, 0% used [0x00000000f4280000,0x00000000f4280000,0x00000000f6480000)
  to   space 43520K, 0% used [0x00000000f0f80000,0x00000000f0f80000,0x00000000f3a00000)
 ParOldGen       total 217600K, used 81098K [0x0000000080000000, 0x000000008d480000, 0x00000000d5580000)
  object space 217600K, 37% used [0x0000000080000000,0x0000000084f32be8,0x000000008d480000)
 Metaspace       used 92213K, capacity 96890K, committed 98600K, reserved 1134592K
  class space    used 11965K, capacity 12864K, committed 13232K, reserved 1048576K
}
Event: 311.932 GC heap before
{Heap before GC invocations=29 (full 4):
 PSYoungGen      total 487424K, used 452608K [0x00000000d5580000, 0x00000000f6480000, 0x0000000100000000)
  eden space 452608K, 100% used [0x00000000d5580000,0x00000000f0f80000,0x00000000f0f80000)
  from space 34816K, 0% used [0x00000000f4280000,0x00000000f4280000,0x00000000f6480000)
  to   space 43520K, 0% used [0x00000000f0f80000,0x00000000f0f80000,0x00000000f3a00000)
 ParOldGen       total 217600K, used 81098K [0x0000000080000000, 0x000000008d480000, 0x00000000d5580000)
  object space 217600K, 37% used [0x0000000080000000,0x0000000084f32be8,0x000000008d480000)
 Metaspace       used 104761K, capacity 111018K, committed 111128K, reserved 1144832K
  class space    used 13726K, capacity 14858K, committed 14896K, reserved 1048576K
Event: 311.957 GC heap after
Heap after GC invocations=29 (full 4):
 PSYoungGen      total 496128K, used 19384K [0x00000000d5580000, 0x00000000fac00000, 0x0000000100000000)
  eden space 452608K, 0% used [0x00000000d5580000,0x00000000d5580000,0x00000000f0f80000)
  from space 43520K, 44% used [0x00000000f0f80000,0x00000000f226e050,0x00000000f3a00000)
  to   space 40960K, 0% used [0x00000000f8400000,0x00000000f8400000,0x00000000fac00000)
 ParOldGen       total 217600K, used 81114K [0x0000000080000000, 0x000000008d480000, 0x00000000d5580000)
  object space 217600K, 37% used [0x0000000080000000,0x0000000084f36be8,0x000000008d480000)
 Metaspace       used 104761K, capacity 111018K, committed 111128K, reserved 1144832K
  class space    used 13726K, capacity 14858K, committed 14896K, reserved 1048576K
}

